[2m2022-10-08T19:25:40.443947Z[0m [31mERROR[0m [2mfig_cli::daemon[0m[2m:[0m [2m163:[0m Error while connecting to websocket: No token
[2m2022-10-08T19:25:40.636820Z[0m [31mERROR[0m [2mfig_cli::daemon[0m[2m:[0m [2m163:[0m Error while connecting to websocket: No token
[2m2022-10-08T19:25:41.068447Z[0m [31mERROR[0m [2mfig_cli::daemon[0m[2m:[0m [2m163:[0m Error while connecting to websocket: No token
[2m2022-10-08T19:25:41.918746Z[0m [31mERROR[0m [2mfig_cli::daemon[0m[2m:[0m [2m163:[0m Error while connecting to websocket: No token
[2m2022-10-08T19:25:43.329801Z[0m [31mERROR[0m [2mfig_cli::daemon[0m[2m:[0m [2m163:[0m Error while connecting to websocket: No token
[2m2022-10-08T19:25:46.452292Z[0m [31mERROR[0m [2mfig_cli::daemon[0m[2m:[0m [2m163:[0m Error while connecting to websocket: No token
[2m2022-10-08T19:25:52.865499Z[0m [31mERROR[0m [2mfig_cli::daemon[0m[2m:[0m [2m163:[0m Error while connecting to websocket: No token
[2m2022-10-08T19:25:55.156596Z[0m [31mERROR[0m [2mfig_cli::daemon::scheduler[0m[2m:[0m [2m166:[0m Error running task Tag("SendDotfilesLineCountTelemetry"): No token
[2m2022-10-08T19:26:06.977464Z[0m [31mERROR[0m [2mfig_cli::daemon[0m[2m:[0m [2m163:[0m Error while connecting to websocket: No token
[2m2022-10-08T19:26:34.852884Z[0m [31mERROR[0m [2mfig_cli::daemon[0m[2m:[0m [2m163:[0m Error while connecting to websocket: No token
[2m2022-10-08T19:26:37.588739Z[0m [31mERROR[0m [2mfig_sync::dotfiles[0m[2m:[0m [2m52:[0m Could not sync dotfiles: Request(NoToken)
[2m2022-10-08T19:26:37.588757Z[0m [31mERROR[0m [2mfig_cli::daemon::scheduler[0m[2m:[0m [2m166:[0m Error running task SyncDotfiles: No token
[2m2022-10-08T20:38:50.580868Z[0m [31mERROR[0m [2mfig_cli::daemon::websocket[0m[2m:[0m [2m282:[0m Websock next error: Io(Os { code: 60, kind: TimedOut, message: "Operation timed out" })
[2m2022-10-08T20:38:50.581101Z[0m [31mERROR[0m [2mfig_cli::daemon[0m[2m:[0m [2m145:[0m Error while processing websocket message: Websock next error: Io(Os { code: 60, kind: TimedOut, message: "Operation timed out" })
[2m2022-10-08T22:20:08.790909Z[0m [31mERROR[0m [2mfig_cli::daemon::websocket[0m[2m:[0m [2m282:[0m Websock next error: Io(Os { code: 60, kind: TimedOut, message: "Operation timed out" })
[2m2022-10-08T22:20:08.791125Z[0m [31mERROR[0m [2mfig_cli::daemon[0m[2m:[0m [2m145:[0m Error while processing websocket message: Websock next error: Io(Os { code: 60, kind: TimedOut, message: "Operation timed out" })
[2m2022-10-08T22:21:44.645723Z[0m [31mERROR[0m [2mfig_cli::daemon::websocket[0m[2m:[0m [2m282:[0m Websock next error: Protocol(ResetWithoutClosingHandshake)
[2m2022-10-08T22:21:44.645770Z[0m [31mERROR[0m [2mfig_cli::daemon[0m[2m:[0m [2m145:[0m Error while processing websocket message: Websock next error: Protocol(ResetWithoutClosingHandshake)
[2m2022-10-08T22:23:12.721790Z[0m [31mERROR[0m [2mfig_cli::daemon::websocket[0m[2m:[0m [2m282:[0m Websock next error: Protocol(ResetWithoutClosingHandshake)
[2m2022-10-08T22:23:12.721840Z[0m [31mERROR[0m [2mfig_cli::daemon[0m[2m:[0m [2m145:[0m Error while processing websocket message: Websock next error: Protocol(ResetWithoutClosingHandshake)
[2m2022-10-08T22:23:13.020664Z[0m [31mERROR[0m [2mfig_cli::daemon[0m[2m:[0m [2m163:[0m Error while connecting to websocket: error sending request for url (https://api.fig.io/authenticate/ticket?os=macos&arch=aarch64&cliVersion=1.5.0&manifestVersion=1.0.62%2B539&deviceId=71d25fdcb6a3abe346ccde3d797752ad264b5661d635bb578684285e75155371%3Adominic.cartwright07%40gmail.com): connection error: Connection reset by peer (os error 54)
[2m2022-10-08T23:08:37.059226Z[0m [31mERROR[0m [2mfig_cli::daemon::websocket[0m[2m:[0m [2m282:[0m Websock next error: Io(Os { code: 60, kind: TimedOut, message: "Operation timed out" })
[2m2022-10-08T23:08:37.059290Z[0m [31mERROR[0m [2mfig_cli::daemon[0m[2m:[0m [2m145:[0m Error while processing websocket message: Websock next error: Io(Os { code: 60, kind: TimedOut, message: "Operation timed out" })
[2m2022-10-08T23:55:52.201695Z[0m [31mERROR[0m [2mfig_cli::daemon::websocket[0m[2m:[0m [2m282:[0m Websock next error: Io(Os { code: 60, kind: TimedOut, message: "Operation timed out" })
[2m2022-10-08T23:55:52.201757Z[0m [31mERROR[0m [2mfig_cli::daemon[0m[2m:[0m [2m145:[0m Error while processing websocket message: Websock next error: Io(Os { code: 60, kind: TimedOut, message: "Operation timed out" })
[2m2022-10-08T23:56:10.833504Z[0m [31mERROR[0m [2mfig_cli::daemon[0m[2m:[0m [2m163:[0m Error while connecting to websocket: error sending request for url (https://api.fig.io/authenticate/ticket?os=macos&arch=aarch64&cliVersion=1.5.0&manifestVersion=1.0.62%2B539&deviceId=71d25fdcb6a3abe346ccde3d797752ad264b5661d635bb578684285e75155371%3Adominic.cartwright07%40gmail.com): connection error: Operation timed out (os error 60)
[2m2022-10-09T00:30:26.885641Z[0m [31mERROR[0m [2mfig_cli::daemon::websocket[0m[2m:[0m [2m282:[0m Websock next error: Io(Os { code: 60, kind: TimedOut, message: "Operation timed out" })
[2m2022-10-09T00:30:26.885758Z[0m [31mERROR[0m [2mfig_cli::daemon[0m[2m:[0m [2m145:[0m Error while processing websocket message: Websock next error: Io(Os { code: 60, kind: TimedOut, message: "Operation timed out" })
[2m2022-10-09T01:02:50.213102Z[0m [31mERROR[0m [2mfig_cli::daemon::websocket[0m[2m:[0m [2m282:[0m Websock next error: Io(Os { code: 60, kind: TimedOut, message: "Operation timed out" })
[2m2022-10-09T01:02:50.213425Z[0m [31mERROR[0m [2mfig_cli::daemon[0m[2m:[0m [2m145:[0m Error while processing websocket message: Websock next error: Io(Os { code: 60, kind: TimedOut, message: "Operation timed out" })
[2m2022-10-09T04:06:01.805225Z[0m [31mERROR[0m [2mfig_cli::daemon::websocket[0m[2m:[0m [2m282:[0m Websock next error: Io(Os { code: 60, kind: TimedOut, message: "Operation timed out" })
[2m2022-10-09T04:06:01.805457Z[0m [31mERROR[0m [2mfig_cli::daemon[0m[2m:[0m [2m145:[0m Error while processing websocket message: Websock next error: Io(Os { code: 60, kind: TimedOut, message: "Operation timed out" })
[2m2022-10-09T05:24:24.651529Z[0m [31mERROR[0m [2mfig_cli::daemon::websocket[0m[2m:[0m [2m282:[0m Websock next error: Io(Os { code: 60, kind: TimedOut, message: "Operation timed out" })
[2m2022-10-09T05:24:24.651620Z[0m [31mERROR[0m [2mfig_cli::daemon[0m[2m:[0m [2m145:[0m Error while processing websocket message: Websock next error: Io(Os { code: 60, kind: TimedOut, message: "Operation timed out" })
[2m2022-10-09T06:36:49.785106Z[0m [31mERROR[0m [2mfig_cli::daemon::websocket[0m[2m:[0m [2m282:[0m Websock next error: Io(Os { code: 60, kind: TimedOut, message: "Operation timed out" })
[2m2022-10-09T06:36:49.785170Z[0m [31mERROR[0m [2mfig_cli::daemon[0m[2m:[0m [2m145:[0m Error while processing websocket message: Websock next error: Io(Os { code: 60, kind: TimedOut, message: "Operation timed out" })
[2m2022-10-09T07:52:33.681799Z[0m [31mERROR[0m [2mfig_cli::daemon::websocket[0m[2m:[0m [2m282:[0m Websock next error: Io(Os { code: 60, kind: TimedOut, message: "Operation timed out" })
[2m2022-10-09T07:52:33.681839Z[0m [31mERROR[0m [2mfig_cli::daemon[0m[2m:[0m [2m145:[0m Error while processing websocket message: Websock next error: Io(Os { code: 60, kind: TimedOut, message: "Operation timed out" })
[2m2022-10-09T08:09:03.607287Z[0m [31mERROR[0m [2mfig_cli::daemon::websocket[0m[2m:[0m [2m282:[0m Websock next error: Io(Os { code: 60, kind: TimedOut, message: "Operation timed out" })
[2m2022-10-09T08:09:03.607350Z[0m [31mERROR[0m [2mfig_cli::daemon[0m[2m:[0m [2m145:[0m Error while processing websocket message: Websock next error: Io(Os { code: 60, kind: TimedOut, message: "Operation timed out" })
[2m2022-10-09T08:25:27.930315Z[0m [31mERROR[0m [2mfig_cli::daemon[0m[2m:[0m [2m163:[0m Error while connecting to websocket: error sending request for url (https://api.fig.io/authenticate/ticket?os=macos&arch=aarch64&cliVersion=1.5.0&manifestVersion=1.0.62%2B539&deviceId=71d25fdcb6a3abe346ccde3d797752ad264b5661d635bb578684285e75155371%3Adominic.cartwright07%40gmail.com): connection error: Operation timed out (os error 60)
[2m2022-10-09T08:59:01.679312Z[0m [31mERROR[0m [2mfig_cli::daemon::websocket[0m[2m:[0m [2m282:[0m Websock next error: Io(Os { code: 60, kind: TimedOut, message: "Operation timed out" })
[2m2022-10-09T08:59:01.679374Z[0m [31mERROR[0m [2mfig_cli::daemon[0m[2m:[0m [2m145:[0m Error while processing websocket message: Websock next error: Io(Os { code: 60, kind: TimedOut, message: "Operation timed out" })
[2m2022-10-09T09:16:01.013618Z[0m [31mERROR[0m [2mfig_cli::daemon::websocket[0m[2m:[0m [2m282:[0m Websock next error: Io(Os { code: 60, kind: TimedOut, message: "Operation timed out" })
[2m2022-10-09T09:16:01.013676Z[0m [31mERROR[0m [2mfig_cli::daemon[0m[2m:[0m [2m145:[0m Error while processing websocket message: Websock next error: Io(Os { code: 60, kind: TimedOut, message: "Operation timed out" })
[2m2022-10-09T09:31:58.734052Z[0m [31mERROR[0m [2mfig_cli::daemon::websocket[0m[2m:[0m [2m282:[0m Websock next error: Io(Os { code: 60, kind: TimedOut, message: "Operation timed out" })
[2m2022-10-09T09:31:58.734114Z[0m [31mERROR[0m [2mfig_cli::daemon[0m[2m:[0m [2m145:[0m Error while processing websocket message: Websock next error: Io(Os { code: 60, kind: TimedOut, message: "Operation timed out" })
[2m2022-10-09T09:47:02.370063Z[0m [31mERROR[0m [2mfig_cli::daemon[0m[2m:[0m [2m163:[0m Error while connecting to websocket: error sending request for url (https://api.fig.io/authenticate/ticket?os=macos&arch=aarch64&cliVersion=1.5.0&manifestVersion=1.0.62%2B539&deviceId=71d25fdcb6a3abe346ccde3d797752ad264b5661d635bb578684285e75155371%3Adominic.cartwright07%40gmail.com): connection error: Operation timed out (os error 60)
[2m2022-10-09T10:03:53.212369Z[0m [31mERROR[0m [2mfig_cli::daemon::websocket[0m[2m:[0m [2m282:[0m Websock next error: Io(Os { code: 60, kind: TimedOut, message: "Operation timed out" })
[2m2022-10-09T10:03:53.212434Z[0m [31mERROR[0m [2mfig_cli::daemon[0m[2m:[0m [2m145:[0m Error while processing websocket message: Websock next error: Io(Os { code: 60, kind: TimedOut, message: "Operation timed out" })
[2m2022-10-09T11:37:02.101609Z[0m [31mERROR[0m [2mfig_cli::daemon::websocket[0m[2m:[0m [2m282:[0m Websock next error: Io(Os { code: 60, kind: TimedOut, message: "Operation timed out" })
[2m2022-10-09T11:37:02.101657Z[0m [31mERROR[0m [2mfig_cli::daemon[0m[2m:[0m [2m145:[0m Error while processing websocket message: Websock next error: Io(Os { code: 60, kind: TimedOut, message: "Operation timed out" })
[2m2022-10-09T12:44:10.880662Z[0m [31mERROR[0m [2mfig_cli::daemon::websocket[0m[2m:[0m [2m282:[0m Websock next error: Io(Os { code: 60, kind: TimedOut, message: "Operation timed out" })
[2m2022-10-09T12:44:10.880741Z[0m [31mERROR[0m [2mfig_cli::daemon[0m[2m:[0m [2m145:[0m Error while processing websocket message: Websock next error: Io(Os { code: 60, kind: TimedOut, message: "Operation timed out" })
[2m2022-10-09T13:00:34.902763Z[0m [31mERROR[0m [2mfig_cli::daemon::websocket[0m[2m:[0m [2m282:[0m Websock next error: Io(Os { code: 60, kind: TimedOut, message: "Operation timed out" })
[2m2022-10-09T13:00:34.902827Z[0m [31mERROR[0m [2mfig_cli::daemon[0m[2m:[0m [2m145:[0m Error while processing websocket message: Websock next error: Io(Os { code: 60, kind: TimedOut, message: "Operation timed out" })
[2m2022-10-09T13:00:53.291809Z[0m [31mERROR[0m [2mfig_cli::daemon[0m[2m:[0m [2m163:[0m Error while connecting to websocket: error sending request for url (https://api.fig.io/authenticate/ticket?os=macos&arch=aarch64&cliVersion=1.5.0&manifestVersion=1.0.62%2B539&deviceId=71d25fdcb6a3abe346ccde3d797752ad264b5661d635bb578684285e75155371%3Adominic.cartwright07%40gmail.com): connection error: Operation timed out (os error 60)
[2m2022-10-09T13:04:58.572138Z[0m [31mERROR[0m [2mfig_cli::daemon::websocket[0m[2m:[0m [2m282:[0m Websock next error: Io(Os { code: 60, kind: TimedOut, message: "Operation timed out" })
[2m2022-10-09T13:04:58.572214Z[0m [31mERROR[0m [2mfig_cli::daemon[0m[2m:[0m [2m145:[0m Error while processing websocket message: Websock next error: Io(Os { code: 60, kind: TimedOut, message: "Operation timed out" })
[2m2022-10-09T13:05:17.855009Z[0m [31mERROR[0m [2mfig_cli::daemon[0m[2m:[0m [2m163:[0m Error while connecting to websocket: error sending request for url (https://api.fig.io/authenticate/ticket?os=macos&arch=aarch64&cliVersion=1.5.0&manifestVersion=1.0.62%2B539&deviceId=71d25fdcb6a3abe346ccde3d797752ad264b5661d635bb578684285e75155371%3Adominic.cartwright07%40gmail.com): connection error: Operation timed out (os error 60)
[2m2022-10-09T14:14:16.577744Z[0m [31mERROR[0m [2mfig_cli::daemon::websocket[0m[2m:[0m [2m282:[0m Websock next error: Protocol(ResetWithoutClosingHandshake)
[2m2022-10-09T14:14:16.577799Z[0m [31mERROR[0m [2mfig_cli::daemon[0m[2m:[0m [2m145:[0m Error while processing websocket message: Websock next error: Protocol(ResetWithoutClosingHandshake)
[2m2022-10-09T14:31:01.067209Z[0m [31mERROR[0m [2mfig_cli::daemon::websocket[0m[2m:[0m [2m282:[0m Websock next error: Io(Os { code: 60, kind: TimedOut, message: "Operation timed out" })
[2m2022-10-09T14:31:01.067286Z[0m [31mERROR[0m [2mfig_cli::daemon[0m[2m:[0m [2m145:[0m Error while processing websocket message: Websock next error: Io(Os { code: 60, kind: TimedOut, message: "Operation timed out" })
[2m2022-10-09T15:36:22.777600Z[0m [31mERROR[0m [2mfig_cli::daemon::websocket[0m[2m:[0m [2m282:[0m Websock next error: Io(Os { code: 60, kind: TimedOut, message: "Operation timed out" })
[2m2022-10-09T15:36:22.777662Z[0m [31mERROR[0m [2mfig_cli::daemon[0m[2m:[0m [2m145:[0m Error while processing websocket message: Websock next error: Io(Os { code: 60, kind: TimedOut, message: "Operation timed out" })
[2m2022-10-09T15:43:49.527514Z[0m [31mERROR[0m [2mfig_cli::daemon::websocket[0m[2m:[0m [2m282:[0m Websock next error: Io(Os { code: 60, kind: TimedOut, message: "Operation timed out" })
[2m2022-10-09T15:43:49.527786Z[0m [31mERROR[0m [2mfig_cli::daemon[0m[2m:[0m [2m145:[0m Error while processing websocket message: Websock next error: Io(Os { code: 60, kind: TimedOut, message: "Operation timed out" })
[2m2022-10-09T15:44:08.136015Z[0m [31mERROR[0m [2mfig_cli::daemon[0m[2m:[0m [2m163:[0m Error while connecting to websocket: error sending request for url (https://api.fig.io/authenticate/ticket?os=macos&arch=aarch64&cliVersion=1.5.0&manifestVersion=1.0.62%2B539&deviceId=71d25fdcb6a3abe346ccde3d797752ad264b5661d635bb578684285e75155371%3Adominic.cartwright07%40gmail.com): connection error: Operation timed out (os error 60)
[2m2022-10-09T16:26:05.865144Z[0m [31mERROR[0m [2mfig_cli::daemon::websocket[0m[2m:[0m [2m282:[0m Websock next error: Io(Os { code: 60, kind: TimedOut, message: "Operation timed out" })
[2m2022-10-09T16:26:05.865295Z[0m [31mERROR[0m [2mfig_cli::daemon[0m[2m:[0m [2m145:[0m Error while processing websocket message: Websock next error: Io(Os { code: 60, kind: TimedOut, message: "Operation timed out" })
[2m2022-10-09T17:24:37.832455Z[0m [31mERROR[0m [2mfig_cli::daemon::websocket[0m[2m:[0m [2m282:[0m Websock next error: Io(Os { code: 60, kind: TimedOut, message: "Operation timed out" })
[2m2022-10-09T17:24:37.832703Z[0m [31mERROR[0m [2mfig_cli::daemon[0m[2m:[0m [2m145:[0m Error while processing websocket message: Websock next error: Io(Os { code: 60, kind: TimedOut, message: "Operation timed out" })
[2m2022-10-09T18:42:19.326901Z[0m [31mERROR[0m [2mfig_cli::daemon::websocket[0m[2m:[0m [2m282:[0m Websock next error: Io(Os { code: 60, kind: TimedOut, message: "Operation timed out" })
[2m2022-10-09T18:42:19.327090Z[0m [31mERROR[0m [2mfig_cli::daemon[0m[2m:[0m [2m145:[0m Error while processing websocket message: Websock next error: Io(Os { code: 60, kind: TimedOut, message: "Operation timed out" })
[2m2022-10-09T21:39:49.773668Z[0m [31mERROR[0m [2mfig_cli::daemon::websocket[0m[2m:[0m [2m282:[0m Websock next error: Protocol(ResetWithoutClosingHandshake)
[2m2022-10-09T21:39:49.773846Z[0m [31mERROR[0m [2mfig_cli::daemon[0m[2m:[0m [2m145:[0m Error while processing websocket message: Websock next error: Protocol(ResetWithoutClosingHandshake)
[2m2022-10-09T22:03:10.514934Z[0m [31mERROR[0m [2mfig_cli::daemon::websocket[0m[2m:[0m [2m282:[0m Websock next error: Io(Os { code: 60, kind: TimedOut, message: "Operation timed out" })
[2m2022-10-09T22:03:10.515086Z[0m [31mERROR[0m [2mfig_cli::daemon[0m[2m:[0m [2m145:[0m Error while processing websocket message: Websock next error: Io(Os { code: 60, kind: TimedOut, message: "Operation timed out" })
[2m2022-10-09T23:21:42.889931Z[0m [31mERROR[0m [2mfig_cli::daemon::websocket[0m[2m:[0m [2m282:[0m Websock next error: Io(Os { code: 60, kind: TimedOut, message: "Operation timed out" })
[2m2022-10-09T23:21:42.889986Z[0m [31mERROR[0m [2mfig_cli::daemon[0m[2m:[0m [2m145:[0m Error while processing websocket message: Websock next error: Io(Os { code: 60, kind: TimedOut, message: "Operation timed out" })
[2m2022-10-09T23:38:26.959821Z[0m [31mERROR[0m [2mfig_cli::daemon::websocket[0m[2m:[0m [2m282:[0m Websock next error: Io(Os { code: 60, kind: TimedOut, message: "Operation timed out" })
[2m2022-10-09T23:38:26.959885Z[0m [31mERROR[0m [2mfig_cli::daemon[0m[2m:[0m [2m145:[0m Error while processing websocket message: Websock next error: Io(Os { code: 60, kind: TimedOut, message: "Operation timed out" })
[2m2022-10-09T23:38:48.950036Z[0m [31mERROR[0m [2mfig_cli::daemon[0m[2m:[0m [2m163:[0m Error while connecting to websocket: error sending request for url (https://api.fig.io/authenticate/ticket?os=macos&arch=aarch64&cliVersion=1.5.0&manifestVersion=1.0.62%2B539&deviceId=71d25fdcb6a3abe346ccde3d797752ad264b5661d635bb578684285e75155371%3Adominic.cartwright07%40gmail.com): connection error: Operation timed out (os error 60)
[2m2022-10-09T23:49:54.504950Z[0m [31mERROR[0m [2mfig_cli::daemon::websocket[0m[2m:[0m [2m282:[0m Websock next error: Io(Os { code: 60, kind: TimedOut, message: "Operation timed out" })
[2m2022-10-09T23:49:54.505005Z[0m [31mERROR[0m [2mfig_cli::daemon[0m[2m:[0m [2m145:[0m Error while processing websocket message: Websock next error: Io(Os { code: 60, kind: TimedOut, message: "Operation timed out" })
[2m2022-10-10T00:07:27.624412Z[0m [31mERROR[0m [2mfig_cli::daemon[0m[2m:[0m [2m163:[0m Error while connecting to websocket: error sending request for url (https://api.fig.io/authenticate/ticket?os=macos&arch=aarch64&cliVersion=1.5.0&manifestVersion=1.0.62%2B539&deviceId=71d25fdcb6a3abe346ccde3d797752ad264b5661d635bb578684285e75155371%3Adominic.cartwright07%40gmail.com): connection error: Operation timed out (os error 60)
[2m2022-10-10T00:39:49.241818Z[0m [31mERROR[0m [2mfig_cli::daemon::websocket[0m[2m:[0m [2m282:[0m Websock next error: Io(Os { code: 60, kind: TimedOut, message: "Operation timed out" })
[2m2022-10-10T00:39:49.241905Z[0m [31mERROR[0m [2mfig_cli::daemon[0m[2m:[0m [2m145:[0m Error while processing websocket message: Websock next error: Io(Os { code: 60, kind: TimedOut, message: "Operation timed out" })
[2m2022-10-10T00:54:59.513542Z[0m [31mERROR[0m [2mfig_cli::daemon::websocket[0m[2m:[0m [2m282:[0m Websock next error: Io(Os { code: 60, kind: TimedOut, message: "Operation timed out" })
[2m2022-10-10T00:54:59.513603Z[0m [31mERROR[0m [2mfig_cli::daemon[0m[2m:[0m [2m145:[0m Error while processing websocket message: Websock next error: Io(Os { code: 60, kind: TimedOut, message: "Operation timed out" })
[2m2022-10-10T00:55:43.093874Z[0m [31mERROR[0m [2mfig_cli::daemon[0m[2m:[0m [2m163:[0m Error while connecting to websocket: error sending request for url (https://api.fig.io/authenticate/ticket?os=macos&arch=aarch64&cliVersion=1.5.0&manifestVersion=1.0.62%2B539&deviceId=71d25fdcb6a3abe346ccde3d797752ad264b5661d635bb578684285e75155371%3Adominic.cartwright07%40gmail.com): operation timed out
[2m2022-10-10T01:33:11.545819Z[0m [31mERROR[0m [2mfig_cli::daemon::websocket[0m[2m:[0m [2m282:[0m Websock next error: Io(Os { code: 60, kind: TimedOut, message: "Operation timed out" })
[2m2022-10-10T01:33:11.545915Z[0m [31mERROR[0m [2mfig_cli::daemon[0m[2m:[0m [2m145:[0m Error while processing websocket message: Websock next error: Io(Os { code: 60, kind: TimedOut, message: "Operation timed out" })
