[INFO  Sat Jul 30 15:32:50 2022] ...pt/nvim-lsp-installer/lua/nvim-lsp-installer/ui/init.lua:754: Installation completed server_name="pyright", success=true
[INFO  Sat Jul 30 15:33:57 2022] ...pt/nvim-lsp-installer/lua/nvim-lsp-installer/ui/init.lua:754: Installation completed server_name="intelephense", success=true
[INFO  Sat Jul 30 15:35:30 2022] ...pt/nvim-lsp-installer/lua/nvim-lsp-installer/ui/init.lua:754: Installation completed server_name="volar", success=true
[INFO  Sat Jul 30 15:35:47 2022] ...pt/nvim-lsp-installer/lua/nvim-lsp-installer/ui/init.lua:754: Installation completed server_name="yamlls", success=true
[INFO  Sat Jul 30 15:36:55 2022] ...pt/nvim-lsp-installer/lua/nvim-lsp-installer/ui/init.lua:754: Installation completed server_name="eslint", success=true
[INFO  Sat Jul 30 15:37:17 2022] ...pt/nvim-lsp-installer/lua/nvim-lsp-installer/ui/init.lua:754: Installation completed server_name="dockerls", success=true
[INFO  Sat Jul 30 22:53:33 2022] ...pt/nvim-lsp-installer/lua/nvim-lsp-installer/ui/init.lua:754: Installation completed server_name="sumneko_lua", success=true
[INFO  Sun Jul 31 01:22:16 2022] ...pt/nvim-lsp-installer/lua/nvim-lsp-installer/ui/init.lua:754: Installation completed server_name="sumneko_lua", success=true
[INFO  Sun Jul 31 01:24:49 2022] ...pt/nvim-lsp-installer/lua/nvim-lsp-installer/ui/init.lua:754: Installation completed server_name="marksman", success=true
[INFO  Sun Jul 31 01:25:36 2022] ...pt/nvim-lsp-installer/lua/nvim-lsp-installer/ui/init.lua:754: Installation completed server_name="vuels", success=true
[INFO  Sun Jul 31 01:26:40 2022] ...pt/nvim-lsp-installer/lua/nvim-lsp-installer/ui/init.lua:754: Installation completed server_name="gopls", success=true
[INFO  Sun Jul 31 01:31:29 2022] ...pt/nvim-lsp-installer/lua/nvim-lsp-installer/ui/init.lua:754: Installation completed server_name="vuels", success=true
[INFO  Sun Jul 31 13:02:21 2022] ...pt/nvim-lsp-installer/lua/nvim-lsp-installer/ui/init.lua:754: Installation completed server_name="clangd", success=true
[INFO  Sun Jul 31 13:02:21 2022] ...pt/nvim-lsp-installer/lua/nvim-lsp-installer/ui/init.lua:754: Installation completed server_name="html", success=true
[INFO  Sun Jul 31 13:02:21 2022] ...pt/nvim-lsp-installer/lua/nvim-lsp-installer/ui/init.lua:754: Installation completed server_name="jsonls", success=true
[INFO  Sun Jul 31 13:02:21 2022] ...pt/nvim-lsp-installer/lua/nvim-lsp-installer/ui/init.lua:754: Installation completed server_name="cssls", success=true
[INFO  Sun Jul 31 13:02:23 2022] ...pt/nvim-lsp-installer/lua/nvim-lsp-installer/ui/init.lua:754: Installation completed server_name="emmet_ls", success=true
[INFO  Sun Jul 31 13:02:24 2022] ...pt/nvim-lsp-installer/lua/nvim-lsp-installer/ui/init.lua:754: Installation completed server_name="tsserver", success=true
[INFO  Sun Jul 31 18:06:32 2022] ...pt/nvim-lsp-installer/lua/nvim-lsp-installer/ui/init.lua:754: Installation completed server_name="marksman", success=true
[INFO  Sun Jul 31 18:06:36 2022] ...pt/nvim-lsp-installer/lua/nvim-lsp-installer/ui/init.lua:754: Installation completed server_name="volar", success=true
[INFO  Sun Jul 31 18:06:48 2022] ...pt/nvim-lsp-installer/lua/nvim-lsp-installer/ui/init.lua:754: Installation completed server_name="vuels", success=true
[INFO  Sun Jul 31 18:29:35 2022] ...pt/nvim-lsp-installer/lua/nvim-lsp-installer/ui/init.lua:754: Installation completed server_name="volar", success=true
[INFO  Sun Jul 31 18:30:00 2022] ...pt/nvim-lsp-installer/lua/nvim-lsp-installer/ui/init.lua:754: Installation completed server_name="eslint", success=true
[INFO  Sun Jul 31 18:34:31 2022] ...pt/nvim-lsp-installer/lua/nvim-lsp-installer/ui/init.lua:754: Installation completed server_name="volar", success=true
[INFO  Tue Aug  2 22:59:54 2022] ...pt/nvim-lsp-installer/lua/nvim-lsp-installer/ui/init.lua:754: Installation completed server_name="sumneko_lua", success=true
[INFO  Tue Aug  2 23:00:32 2022] ...pt/nvim-lsp-installer/lua/nvim-lsp-installer/ui/init.lua:754: Installation completed server_name="tsserver", success=true
[INFO  Wed Aug  3 09:02:32 2022] ...pt/nvim-lsp-installer/lua/nvim-lsp-installer/ui/init.lua:754: Installation completed server_name="eslint", success=true
[INFO  Sat Aug  6 10:25:11 2022] ...pt/nvim-lsp-installer/lua/nvim-lsp-installer/ui/init.lua:754: Installation completed server_name="eslint", success=true
[INFO  Sat Aug  6 10:25:58 2022] ...pt/nvim-lsp-installer/lua/nvim-lsp-installer/ui/init.lua:754: Installation completed server_name="vuels", success=true
[INFO  Sat Aug  6 10:28:42 2022] ...pt/nvim-lsp-installer/lua/nvim-lsp-installer/ui/init.lua:754: Installation completed server_name="rome", success=true
[INFO  Sat Aug  6 10:48:50 2022] ...pt/nvim-lsp-installer/lua/nvim-lsp-installer/ui/init.lua:754: Installation completed server_name="tsserver", success=true
[INFO  Sat Aug  6 10:48:51 2022] ...pt/nvim-lsp-installer/lua/nvim-lsp-installer/ui/init.lua:754: Installation completed server_name="volar", success=true
[INFO  Sat Aug  6 11:34:53 2022] ...pt/nvim-lsp-installer/lua/nvim-lsp-installer/ui/init.lua:754: Installation completed server_name="jedi_language_server", success=true
[INFO  Sat Aug  6 11:36:21 2022] ...pt/nvim-lsp-installer/lua/nvim-lsp-installer/ui/init.lua:754: Installation completed server_name="pylsp", success=true
[INFO  Wed Aug 10 14:12:13 2022] ...pt/nvim-lsp-installer/lua/nvim-lsp-installer/ui/init.lua:761: Installation completed server_name="marksman", success=true
[INFO  Wed Aug 10 14:12:22 2022] ...pt/nvim-lsp-installer/lua/nvim-lsp-installer/ui/init.lua:761: Installation completed server_name="gopls", success=true
[INFO  Thu Aug 11 00:54:13 2022] ...pt/nvim-lsp-installer/lua/nvim-lsp-installer/ui/init.lua:761: Installation completed server_name="volar", success=true
