[INFO  Sun Sep  4 22:43:56 2022] ...acker/start/mason.nvim/lua/mason-core/installer/init.lua:110: Executing installer for Package(name=lua-language-server)
[INFO  Sun Sep  4 22:43:57 2022] ...acker/start/mason.nvim/lua/mason-core/installer/init.lua:142: Installation succeeded for Package(name=lua-language-server)
[INFO  Thu Sep  8 08:56:41 2022] ...acker/start/mason.nvim/lua/mason-core/installer/init.lua:110: Executing installer for Package(name=pyright)
[INFO  Thu Sep  8 08:56:43 2022] ...acker/start/mason.nvim/lua/mason-core/installer/init.lua:142: Installation succeeded for Package(name=pyright)
[INFO  Thu Sep  8 08:58:25 2022] ...acker/start/mason.nvim/lua/mason-core/installer/init.lua:110: Executing installer for Package(name=pyright)
[INFO  Thu Sep  8 08:58:26 2022] ...acker/start/mason.nvim/lua/mason-core/installer/init.lua:142: Installation succeeded for Package(name=pyright)
[INFO  Thu Sep  8 08:58:47 2022] ...acker/start/mason.nvim/lua/mason-core/installer/init.lua:110: Executing installer for Package(name=pyright)
[INFO  Thu Sep  8 08:58:49 2022] ...acker/start/mason.nvim/lua/mason-core/installer/init.lua:142: Installation succeeded for Package(name=pyright)
[INFO  Thu Sep  8 08:58:55 2022] ...acker/start/mason.nvim/lua/mason-core/installer/init.lua:110: Executing installer for Package(name=lua-language-server)
[INFO  Thu Sep  8 08:58:58 2022] ...acker/start/mason.nvim/lua/mason-core/installer/init.lua:142: Installation succeeded for Package(name=lua-language-server)
[INFO  Thu Sep  8 08:59:13 2022] ...acker/start/mason.nvim/lua/mason-core/installer/init.lua:110: Executing installer for Package(name=eslint-lsp)
[INFO  Thu Sep  8 08:59:16 2022] ...acker/start/mason.nvim/lua/mason-core/installer/init.lua:142: Installation succeeded for Package(name=eslint-lsp)
[INFO  Thu Sep  8 09:00:35 2022] ...acker/start/mason.nvim/lua/mason-core/installer/init.lua:110: Executing installer for Package(name=vue-language-server)
[INFO  Thu Sep  8 09:00:42 2022] ...acker/start/mason.nvim/lua/mason-core/installer/init.lua:142: Installation succeeded for Package(name=vue-language-server)
[INFO  Thu Sep  8 09:00:53 2022] ...acker/start/mason.nvim/lua/mason-core/installer/init.lua:110: Executing installer for Package(name=intelephense)
[INFO  Thu Sep  8 09:00:59 2022] ...acker/start/mason.nvim/lua/mason-core/installer/init.lua:142: Installation succeeded for Package(name=intelephense)
[INFO  Thu Sep  8 09:01:40 2022] ...acker/start/mason.nvim/lua/mason-core/installer/init.lua:110: Executing installer for Package(name=php-debug-adapter)
[INFO  Thu Sep  8 09:01:42 2022] ...acker/start/mason.nvim/lua/mason-core/installer/init.lua:142: Installation succeeded for Package(name=php-debug-adapter)
[INFO  Thu Sep  8 09:02:58 2022] ...acker/start/mason.nvim/lua/mason-core/installer/init.lua:110: Executing installer for Package(name=sql-formatter)
[INFO  Thu Sep  8 09:03:00 2022] ...acker/start/mason.nvim/lua/mason-core/installer/init.lua:142: Installation succeeded for Package(name=sql-formatter)
[INFO  Thu Sep  8 09:03:13 2022] ...acker/start/mason.nvim/lua/mason-core/installer/init.lua:110: Executing installer for Package(name=php-cs-fixer)
[INFO  Thu Sep  8 09:03:14 2022] ...acker/start/mason.nvim/lua/mason-core/installer/init.lua:142: Installation succeeded for Package(name=php-cs-fixer)
[INFO  Thu Sep  8 09:43:37 2022] ...acker/start/mason.nvim/lua/mason-core/installer/init.lua:110: Executing installer for Package(name=vetur-vls)
[INFO  Thu Sep  8 09:43:42 2022] ...acker/start/mason.nvim/lua/mason-core/installer/init.lua:142: Installation succeeded for Package(name=vetur-vls)
[INFO  Sat Sep 17 15:15:36 2022] ...acker/start/mason.nvim/lua/mason-core/installer/init.lua:110: Executing installer for Package(name=lua-language-server)
[INFO  Sat Sep 17 15:15:38 2022] ...acker/start/mason.nvim/lua/mason-core/installer/init.lua:142: Installation succeeded for Package(name=lua-language-server)
[INFO  Sat Sep 17 15:15:40 2022] ...acker/start/mason.nvim/lua/mason-core/installer/init.lua:110: Executing installer for Package(name=pyright)
[INFO  Sat Sep 17 15:15:42 2022] ...acker/start/mason.nvim/lua/mason-core/installer/init.lua:142: Installation succeeded for Package(name=pyright)
