[ERROR Sun Jul 31 13:11:43 2022] ...t/null-ls.nvim/lua/null-ls/helpers/generator_factory.lua:180: command stylua is not executable (make sure it's installed and on your $PATH)
[ERROR Sun Jul 31 22:41:34 2022] ...t/null-ls.nvim/lua/null-ls/helpers/generator_factory.lua:180: command stylua is not executable (make sure it's installed and on your $PATH)
[ERROR Wed Aug  3 15:19:25 2022] ...t/null-ls.nvim/lua/null-ls/helpers/generator_factory.lua:180: command php-cs-fixer is not executable (make sure it's installed and on your $PATH)
[ERROR Wed Aug  3 15:55:08 2022] ...t/null-ls.nvim/lua/null-ls/helpers/generator_factory.lua:180: command stylua is not executable (make sure it's installed and on your $PATH)
[ERROR Wed Aug  3 16:23:24 2022] ...t/null-ls.nvim/lua/null-ls/helpers/generator_factory.lua:180: command php-cs-fixer is not executable (make sure it's installed and on your $PATH)
[ERROR Wed Aug  3 21:28:46 2022] ...t/null-ls.nvim/lua/null-ls/helpers/generator_factory.lua:180: command stylua is not executable (make sure it's installed and on your $PATH)
[ERROR Wed Aug  3 21:29:29 2022] ...t/null-ls.nvim/lua/null-ls/helpers/generator_factory.lua:180: command stylua is not executable (make sure it's installed and on your $PATH)
[ERROR Wed Aug  3 21:32:36 2022] ...t/null-ls.nvim/lua/null-ls/helpers/generator_factory.lua:180: command stylua is not executable (make sure it's installed and on your $PATH)
[ERROR Wed Aug  3 21:34:43 2022] ...t/null-ls.nvim/lua/null-ls/helpers/generator_factory.lua:180: command stylua is not executable (make sure it's installed and on your $PATH)
[ERROR Thu Aug  4 09:52:44 2022] ...t/null-ls.nvim/lua/null-ls/helpers/generator_factory.lua:180: command php-cs-fixer is not executable (make sure it's installed and on your $PATH)
[ERROR Wed Aug 10 15:09:35 2022] ...t/null-ls.nvim/lua/null-ls/helpers/generator_factory.lua:180: command php-cs-fixer is not executable (make sure it's installed and on your $PATH)
[ERROR Wed Aug 10 15:10:46 2022] ...t/null-ls.nvim/lua/null-ls/helpers/generator_factory.lua:180: command php-cs-fixer is not executable (make sure it's installed and on your $PATH)
[ERROR Wed Aug 10 21:33:52 2022] ...t/null-ls.nvim/lua/null-ls/helpers/generator_factory.lua:180: command stylua is not executable (make sure it's installed and on your $PATH)
[ERROR Thu Aug 11 17:24:31 2022] ...t/null-ls.nvim/lua/null-ls/helpers/generator_factory.lua:180: command cbfmt is not executable (make sure it's installed and on your $PATH)
[ERROR Thu Aug 18 22:44:14 2022] ...t/null-ls.nvim/lua/null-ls/helpers/generator_factory.lua:180: command cbfmt is not executable (make sure it's installed and on your $PATH)
[ERROR Mon Aug 22 23:04:24 2022] ...t/null-ls.nvim/lua/null-ls/helpers/generator_factory.lua:180: command cbfmt is not executable (make sure it's installed and on your $PATH)
[ERROR Wed Aug 24 11:38:19 2022] ...t/null-ls.nvim/lua/null-ls/helpers/generator_factory.lua:180: command cbfmt is not executable (make sure it's installed and on your $PATH)
[ERROR Fri Aug 26 07:52:06 2022] ...t/null-ls.nvim/lua/null-ls/helpers/generator_factory.lua:180: command cbfmt is not executable (make sure it's installed and on your $PATH)
[ERROR Fri Aug 26 08:09:19 2022] ...t/null-ls.nvim/lua/null-ls/helpers/generator_factory.lua:180: command cbfmt is not executable (make sure it's installed and on your $PATH)
[ERROR Fri Aug 26 09:05:02 2022] ...t/null-ls.nvim/lua/null-ls/helpers/generator_factory.lua:180: command cbfmt is not executable (make sure it's installed and on your $PATH)
[ERROR Fri Aug 26 11:40:11 2022] ...t/null-ls.nvim/lua/null-ls/helpers/generator_factory.lua:180: command cbfmt is not executable (make sure it's installed and on your $PATH)
[ERROR Mon Aug 29 14:06:22 2022] ...t/null-ls.nvim/lua/null-ls/helpers/generator_factory.lua:180: command cbfmt is not executable (make sure it's installed and on your $PATH)
[ERROR Mon Aug 29 14:22:49 2022] ...t/null-ls.nvim/lua/null-ls/helpers/generator_factory.lua:180: command cbfmt is not executable (make sure it's installed and on your $PATH)
[ERROR Tue Aug 30 13:31:53 2022] ...t/null-ls.nvim/lua/null-ls/helpers/generator_factory.lua:180: command cbfmt is not executable (make sure it's installed and on your $PATH)
[ERROR Sat Sep  3 11:07:52 2022] ...t/null-ls.nvim/lua/null-ls/helpers/generator_factory.lua:180: command cbfmt is not executable (make sure it's installed and on your $PATH)
[ERROR Wed Sep 21 22:19:51 2022] ...t/null-ls.nvim/lua/null-ls/helpers/generator_factory.lua:180: command sqlfluff is not executable (make sure it's installed and on your $PATH)
[WARN  Wed Sep 28 17:08:54 2022] .../pack/packer/opt/null-ls.nvim/lua/null-ls/generators.lua:92: failed to run generator: ...m/site/pack/packer/opt/null-ls.nvim/lua/null-ls/loop.lua:165: command prettier is not executable (make sure it's installed and on your $PATH)
[WARN  Wed Sep 28 17:08:54 2022] .../pack/packer/opt/null-ls.nvim/lua/null-ls/generators.lua:92: failed to run generator: ...m/site/pack/packer/opt/null-ls.nvim/lua/null-ls/loop.lua:165: command cbfmt is not executable (make sure it's installed and on your $PATH)
[WARN  Thu Sep 29 21:55:11 2022] .../pack/packer/opt/null-ls.nvim/lua/null-ls/generators.lua:92: failed to run generator: ...m/site/pack/packer/opt/null-ls.nvim/lua/null-ls/loop.lua:165: command prettier is not executable (make sure it's installed and on your $PATH)
[WARN  Wed Oct  5 09:18:16 2022] .../pack/packer/opt/null-ls.nvim/lua/null-ls/generators.lua:92: failed to run generator: ...m/site/pack/packer/opt/null-ls.nvim/lua/null-ls/loop.lua:165: command prettier is not executable (make sure it's installed and on your $PATH)
[WARN  Wed Oct  5 09:18:16 2022] .../pack/packer/opt/null-ls.nvim/lua/null-ls/generators.lua:92: failed to run generator: ...m/site/pack/packer/opt/null-ls.nvim/lua/null-ls/loop.lua:165: command cbfmt is not executable (make sure it's installed and on your $PATH)
[WARN  Wed Oct  5 09:29:39 2022] .../pack/packer/opt/null-ls.nvim/lua/null-ls/generators.lua:92: failed to run generator: ...m/site/pack/packer/opt/null-ls.nvim/lua/null-ls/loop.lua:165: command prettier is not executable (make sure it's installed and on your $PATH)
[WARN  Wed Oct  5 09:29:39 2022] .../pack/packer/opt/null-ls.nvim/lua/null-ls/generators.lua:92: failed to run generator: ...m/site/pack/packer/opt/null-ls.nvim/lua/null-ls/loop.lua:165: command cbfmt is not executable (make sure it's installed and on your $PATH)
[WARN  Wed Oct  5 14:16:11 2022] .../pack/packer/opt/null-ls.nvim/lua/null-ls/generators.lua:92: failed to run generator: ...m/site/pack/packer/opt/null-ls.nvim/lua/null-ls/loop.lua:165: command sqlfluff is not executable (make sure it's installed and on your $PATH)
[WARN  Wed Oct  5 20:42:34 2022] .../pack/packer/opt/null-ls.nvim/lua/null-ls/generators.lua:92: failed to run generator: ...m/site/pack/packer/opt/null-ls.nvim/lua/null-ls/loop.lua:165: command prettier is not executable (make sure it's installed and on your $PATH)
[WARN  Wed Oct  5 20:48:36 2022] .../pack/packer/opt/null-ls.nvim/lua/null-ls/generators.lua:92: failed to run generator: ...m/site/pack/packer/opt/null-ls.nvim/lua/null-ls/loop.lua:165: command prettier is not executable (make sure it's installed and on your $PATH)
[WARN  Wed Oct  5 21:54:43 2022] .../pack/packer/opt/null-ls.nvim/lua/null-ls/generators.lua:92: failed to run generator: ...m/site/pack/packer/opt/null-ls.nvim/lua/null-ls/loop.lua:165: command prettier is not executable (make sure it's installed and on your $PATH)
[WARN  Wed Oct  5 22:49:58 2022] .../pack/packer/opt/null-ls.nvim/lua/null-ls/generators.lua:92: failed to run generator: ...m/site/pack/packer/opt/null-ls.nvim/lua/null-ls/loop.lua:165: command prettier is not executable (make sure it's installed and on your $PATH)
[WARN  Thu Oct  6 14:02:22 2022] .../pack/packer/opt/null-ls.nvim/lua/null-ls/generators.lua:92: failed to run generator: ...m/site/pack/packer/opt/null-ls.nvim/lua/null-ls/loop.lua:165: command sqlfluff is not executable (make sure it's installed and on your $PATH)
[WARN  Fri Oct  7 15:27:41 2022] .../pack/packer/opt/null-ls.nvim/lua/null-ls/generators.lua:92: failed to run generator: ...m/site/pack/packer/opt/null-ls.nvim/lua/null-ls/loop.lua:165: command cbfmt is not executable (make sure it's installed and on your $PATH)
[WARN  Fri Oct  7 22:19:17 2022] .../pack/packer/opt/null-ls.nvim/lua/null-ls/generators.lua:92: failed to run generator: ...m/site/pack/packer/opt/null-ls.nvim/lua/null-ls/loop.lua:165: command sqlfluff is not executable (make sure it's installed and on your $PATH)
[WARN  Fri Oct  7 22:21:30 2022] .../pack/packer/opt/null-ls.nvim/lua/null-ls/generators.lua:92: failed to run generator: ...m/site/pack/packer/opt/null-ls.nvim/lua/null-ls/loop.lua:165: command sqlfluff is not executable (make sure it's installed and on your $PATH)
[WARN  Fri Oct  7 23:44:09 2022] .../pack/packer/opt/null-ls.nvim/lua/null-ls/generators.lua:92: failed to run generator: ...m/site/pack/packer/opt/null-ls.nvim/lua/null-ls/loop.lua:165: command prettier is not executable (make sure it's installed and on your $PATH)
[WARN  Fri Oct  7 23:44:09 2022] .../pack/packer/opt/null-ls.nvim/lua/null-ls/generators.lua:92: failed to run generator: ...m/site/pack/packer/opt/null-ls.nvim/lua/null-ls/loop.lua:165: command cbfmt is not executable (make sure it's installed and on your $PATH)
[WARN  Sun Oct  9 16:19:08 2022] .../pack/packer/opt/null-ls.nvim/lua/null-ls/generators.lua:92: failed to run generator: ...m/site/pack/packer/opt/null-ls.nvim/lua/null-ls/loop.lua:165: command eslint is not executable (make sure it's installed and on your $PATH)
[WARN  Sun Oct  9 16:20:44 2022] .../pack/packer/opt/null-ls.nvim/lua/null-ls/generators.lua:92: failed to run generator: ...m/site/pack/packer/opt/null-ls.nvim/lua/null-ls/loop.lua:165: command eslint is not executable (make sure it's installed and on your $PATH)
[WARN  Sun Oct  9 16:21:42 2022] .../pack/packer/opt/null-ls.nvim/lua/null-ls/generators.lua:92: failed to run generator: ...m/site/pack/packer/opt/null-ls.nvim/lua/null-ls/loop.lua:165: command eslint is not executable (make sure it's installed and on your $PATH)
