[WARN  Sat Jul 30 23:47:05 2022] ...pack/packer/opt/telescope.nvim/lua/telescope/pickers.lua:1051: no line found at row 477 in buffer 3
[WARN  Sun Jul 31 00:13:10 2022] ...pack/packer/opt/telescope.nvim/lua/telescope/pickers.lua:1051: no line found at row 520 in buffer 3
[WARN  Sun Jul 31 18:32:58 2022] ...pack/packer/opt/telescope.nvim/lua/telescope/pickers.lua:1051: no line found at row 477 in buffer 16
[WARN  Mon Aug  1 08:32:35 2022] ...pack/packer/opt/telescope.nvim/lua/telescope/pickers.lua:1051: no line found at row 520 in buffer 3
[WARN  Mon Aug  1 08:32:41 2022] ...pack/packer/opt/telescope.nvim/lua/telescope/pickers.lua:1051: no line found at row 478 in buffer 3
[WARN  Tue Aug  2 11:54:13 2022] ...pack/packer/opt/telescope.nvim/lua/telescope/pickers.lua:1051: no line found at row 471 in buffer 7
[WARN  Tue Aug  2 22:49:16 2022] ...pack/packer/opt/telescope.nvim/lua/telescope/pickers.lua:1060: can't identify old caret in line: 
[WARN  Fri Aug  5 14:08:15 2022] ...pack/packer/opt/telescope.nvim/lua/telescope/pickers.lua:1051: no line found at row 498 in buffer 316
[WARN  Fri Aug  5 14:08:17 2022] ...pack/packer/opt/telescope.nvim/lua/telescope/pickers.lua:1051: no line found at row 477 in buffer 316
[WARN  Fri Aug  5 15:59:57 2022] ...pack/packer/opt/telescope.nvim/lua/telescope/pickers.lua:1051: no line found at row 490 in buffer 479
[WARN  Fri Aug  5 16:06:01 2022] ...pack/packer/opt/telescope.nvim/lua/telescope/pickers.lua:1051: no line found at row 576 in buffer 573
[WARN  Fri Aug  5 22:03:37 2022] ...pack/packer/opt/telescope.nvim/lua/telescope/pickers.lua:1051: no line found at row 780 in buffer 7
[WARN  Fri Aug  5 22:03:50 2022] ...pack/packer/opt/telescope.nvim/lua/telescope/pickers.lua:1051: no line found at row 776 in buffer 7
[WARN  Fri Aug  5 22:03:53 2022] ...pack/packer/opt/telescope.nvim/lua/telescope/pickers.lua:1051: no line found at row 776 in buffer 7
[WARN  Sat Aug  6 01:22:46 2022] ...pack/packer/opt/telescope.nvim/lua/telescope/pickers.lua:1051: no line found at row 330 in buffer 3
[WARN  Sat Aug  6 01:22:47 2022] ...pack/packer/opt/telescope.nvim/lua/telescope/pickers.lua:1051: no line found at row 304 in buffer 3
[WARN  Sat Aug  6 10:19:43 2022] ...pack/packer/opt/telescope.nvim/lua/telescope/pickers.lua:1051: no line found at row 424 in buffer 3
[WARN  Sat Aug  6 10:31:25 2022] ...pack/packer/opt/telescope.nvim/lua/telescope/pickers.lua:1051: no line found at row 401 in buffer 3
[WARN  Sat Aug  6 10:47:05 2022] ...pack/packer/opt/telescope.nvim/lua/telescope/pickers.lua:1051: no line found at row 441 in buffer 27
[WARN  Wed Aug 10 15:07:49 2022] ...pack/packer/opt/telescope.nvim/lua/telescope/pickers.lua:1051: no line found at row 665 in buffer 7
[WARN  Wed Aug 10 18:34:56 2022] ...pack/packer/opt/telescope.nvim/lua/telescope/pickers.lua:1051: no line found at row 589 in buffer 253
[WARN  Thu Aug 11 15:12:59 2022] ...pack/packer/opt/telescope.nvim/lua/telescope/pickers.lua:1051: no line found at row 409 in buffer 360
